<?xml version="1.0" encoding="UTF-8"?>
<testsuite name="To look for a flight in LATAM" tests="1" skipped="0" failures="0" errors="0" timestamp="2018-12-03T07:08:22" hostname="RC-PC" time="80.171">
  <properties/>
  <testcase name="To look for flights in Latam" classname="To look for a flight in LATAM" time="80.171"/>
  <system-out><![CDATA[    ?[32mGiven ?[0m?[32mthat alice wanted to login?[0m                    ?[90m# LoginStepDefinitions.thatAliceWantedToLogin()?[0m
    ?[32mWhen ?[0m?[32mshe enters to her account with her information?[0m ?[90m# LoginStepDefinitions.sheEntersToHerAccountWithHerInformation(LoginModel>)?[0m
    ?[32mThen ?[0m?[32mshe will verify that she entered correctly?[0m     ?[90m# LoginStepDefinitions.sheWillVerifyThatSheEnteredCorrectly()?[0m

  @searchFlight
  Scenario: To look for flights in Latam                    ?[90m# src/test/resources/features/search_flight.feature:17?[0m
    ?[32mWhen ?[0m?[32malice enters the search criteria?[0m                   ?[90m# SearchFlightStepDefinitions.aliceEntersTheSearchCriteria(SearchDataFlight>)?[0m
    ?[32mThen ?[0m?[32mshe will verify that she found at least one flight?[0m ?[90m# SearchFlightStepDefinitions.sheWillVerifyThatSheFoundAtLeastOneFlight()?[0m
]]></system-out>
  <system-err><![CDATA[dic 03, 2018 2:08:22 AM org.openqa.selenium.remote.DesiredCapabilities chrome
INFORMACIÓN: Using `new ChromeOptions()` is preferred to `DesiredCapabilities.chrome()`
dic 03, 2018 2:08:23 AM org.openqa.selenium.remote.ProtocolHandshake createSession
INFORMACIÓN: Detected dialect: OSS
[Test worker] INFO net.thucydides.core.steps.ConsoleLoggingListener - 
        __    _____ _____ ____ _____   ____   _    ____  ____  _____ ____  
  _     \ \  |_   _| ____/ ___|_   _| |  _ \ / \  / ___|/ ___|| ____|  _ \ 
 (_)_____| |   | | |  _| \___ \ | |   | |_) / _ \ \___ \\___ \|  _| | | | |
  _|_____| |   | | | |___ ___) || |   |  __/ ___ \ ___) |___) | |___| |_| |
 (_)     | |   |_| |_____|____/ |_|   |_| /_/   \_\____/|____/|_____|____/ 
        /_/                                                                

TEST PASSED: To look for flights in Latam
----------------------------------------------------------------------------
]]></system-err>
</testsuite>
