<?xml version="1.0" encoding="UTF-8"?>
<testsuite name="com.latam.certification.runners.SelectFlightRunner" tests="0" skipped="0" failures="0" errors="0" timestamp="1970-01-01T00:00:00" hostname="RC-PC" time="0.0">
  <properties/>
  <system-out><![CDATA[@selectFlight
Feature: Select a flight in latam
	As Alice 
  I want to use latam.com 
  to select a flight

  Background: Successful Login in Latam and To look for flights in Latam ?[90m# src/test/resources/features/select_flight.feature:9?[0m

1 Scenarios (?[32m1 passed?[0m)
11 Steps (?[32m11 passed?[0m)
2m22,192s

]]></system-out>
  <system-err><![CDATA[[Test worker] INFO net.thucydides.core.steps.ConsoleLoggingListener - Test Suite Started: Select a flight in latam
[Test worker] INFO net.thucydides.core.steps.ConsoleLoggingListener - 
 _____ _____ ____ _____   ____ _____  _    ____ _____ _____ ____  
|_   _| ____/ ___|_   _| / ___|_   _|/ \  |  _ \_   _| ____|  _ \ 
  | | |  _| \___ \ | |   \___ \ | | / _ \ | |_) || | |  _| | | | |
  | | | |___ ___) || |    ___) || |/ ___ \|  _ < | | | |___| |_| |
  |_| |_____|____/ |_|   |____/ |_/_/   \_\_| \_\|_| |_____|____/ 
                                                                  

TEST STARTED: Select a random flight in latam
-------------------------------------------------------------------(select-a-flight-in-latam;select-a-random-flight-in-latam)
[Test worker] INFO net.thucydides.core.steps.ConsoleLoggingListener - 
        __    _____ _____ ____ _____   ____   _    ____  ____  _____ ____  
  _     \ \  |_   _| ____/ ___|_   _| |  _ \ / \  / ___|/ ___|| ____|  _ \ 
 (_)_____| |   | | |  _| \___ \ | |   | |_) / _ \ \___ \\___ \|  _| | | | |
  _|_____| |   | | | |___ ___) || |   |  __/ ___ \ ___) |___) | |___| |_| |
 (_)     | |   |_| |_____|____/ |_|   |_| /_/   \_\____/|____/|_____|____/ 
        /_/                                                                

TEST PASSED: Select a random flight in latam
----------------------------------------------------------------------------
]]></system-err>
</testsuite>
